<?xml version="1.0" encoding="UTF-8"?>
<testng-results skipped="0" failed="0" ignored="0" total="1" passed="1">
  <reporter-output>
  </reporter-output>
  <suite name="Default suite" duration-ms="3760" started-at="2022-10-17T13:07:46 CDT" finished-at="2022-10-17T13:07:50 CDT">
    <groups>
    </groups>
    <test name="Default test" duration-ms="3760" started-at="2022-10-17T13:07:46 CDT" finished-at="2022-10-17T13:07:50 CDT">
      <class name="test.Q03">
        <test-method status="PASS" signature="dropDownHasAllTheMonth()[pri:0, instance:test.Q03@15d0c81b]" name="dropDownHasAllTheMonth" duration-ms="3711" started-at="2022-10-17T13:07:46 CDT" finished-at="2022-10-17T13:07:50 CDT">
          <reporter-output>
          </reporter-output>
        </test-method> <!-- dropDownHasAllTheMonth -->
      </class> <!-- test.Q03 -->
    </test> <!-- Default test -->
  </suite> <!-- Default suite -->
</testng-results>
